<?xml version="1.0" encoding="UTF-8"?>
<testsuite xmlns:xsi="http://www.w3.org/2001/XMLSchema-instance" xsi:noNamespaceSchemaLocation="https://maven.apache.org/surefire/maven-surefire-plugin/xsd/surefire-test-report-3.0.xsd" version="3.0" name="com.quanxiaoha.xiaohashu.auth.DruidTests" time="8.453" tests="1" errors="0" skipped="0" failures="0">
  <properties>
[...]
</properties>
  <testcase name="testEncodePassword" classname="com.quanxiaoha.xiaohashu.auth.DruidTests" time="0.589">
    <system-out><![CDATA[22:19:49.923 [main] DEBUG org.springframework.boot.test.context.SpringBootTestContextBootstrapper - Neither @ContextConfiguration nor @ContextHierarchy found for test class [DruidTests]: using SpringBootContextLoader
22:19:49.930 [main] DEBUG org.springframework.test.context.support.AbstractContextLoader - Could not detect default resource locations for test class [com.quanxiaoha.xiaohashu.auth.DruidTests]: no resource found for suffixes {-context.xml, Context.groovy}.
22:19:49.932 [main] INFO org.springframework.test.context.support.AnnotationConfigContextLoaderUtils - Could not detect default configuration classes for test class [com.quanxiaoha.xiaohashu.auth.DruidTests]: DruidTests does not declare any static, non-private, non-final, nested classes annotated with @Configuration.
22:19:49.982 [main] DEBUG org.springframework.boot.test.context.SpringBootTestContextBootstrapper - Using ContextCustomizers for test class [DruidTests]: [ExcludeFilterContextCustomizer, DuplicateJsonObjectContextCustomizer, MockitoContextCustomizer, TestRestTemplateContextCustomizer, DisableObservabilityContextCustomizer, PropertyMappingContextCustomizer, Customizer]
22:19:50.132 [main] DEBUG org.springframework.context.annotation.ClassPathScanningCandidateComponentProvider - Identified candidate component class: file [E:\hashu\xiaohashu\xiaohashu-auth\target\classes\com\quanxiaoha\xiaohashu\auth\XiaohashuAuthApplication.class]
22:19:50.137 [main] INFO org.springframework.boot.test.context.SpringBootTestContextBootstrapper - Found @SpringBootConfiguration com.quanxiaoha.xiaohashu.auth.XiaohashuAuthApplication for test class com.quanxiaoha.xiaohashu.auth.DruidTests
22:19:50.380 [main] DEBUG org.springframework.boot.test.context.SpringBootTestContextBootstrapper - Using TestExecutionListeners for test class [DruidTests]: [ServletTestExecutionListener, DirtiesContextBeforeModesTestExecutionListener, ApplicationEventsTestExecutionListener, MockitoTestExecutionListener, DependencyInjectionTestExecutionListener, DirtiesContextTestExecutionListener, TransactionalTestExecutionListener, SqlScriptsTestExecutionListener, EventPublishingTestExecutionListener, ResetMocksTestExecutionListener, RestDocsTestExecutionListener, MockRestServiceServerResetTestExecutionListener, MockMvcPrintOnlyOnFailureTestExecutionListener, WebDriverTestExecutionListener, MockWebServiceServerTestExecutionListener]
22:19:50.383 [main] DEBUG org.springframework.test.context.support.AbstractDirtiesContextTestExecutionListener - Before test class: class [DruidTests], class annotated with @DirtiesContext [false] with mode [null]
2025-04-13T22:19:51.194+08:00  WARN 32572 --- [           main] c.a.nacos.client.logging.NacosLogging    : Load Logback Configuration of Nacos fail, message: Could not initialize Logback Nacos logging from classpath:nacos-logback.xml
2025-04-13T22:19:51.277+08:00  WARN 32572 --- [           main] c.a.nacos.client.logging.NacosLogging    : Load Logback Configuration of Nacos fail, message: Could not initialize Logback Nacos logging from classpath:nacos-logback.xml
2025-04-13T22:19:51.540+08:00  WARN 32572 --- [           main] c.a.nacos.client.logging.NacosLogging    : Load Logback Configuration of Nacos fail, message: Could not initialize Logback Nacos logging from classpath:nacos-logback.xml
2025-04-13T22:19:51.542+08:00  INFO 32572 --- [           main] c.alibaba.nacos.client.utils.ParamUtil   : [settings] [req-serv] nacos-server port:8848
2025-04-13T22:19:51.542+08:00  INFO 32572 --- [           main] c.alibaba.nacos.client.utils.ParamUtil   : [settings] [http-client] connect timeout:1000
2025-04-13T22:19:51.544+08:00  INFO 32572 --- [           main] c.alibaba.nacos.client.utils.ParamUtil   : PER_TASK_CONFIG_SIZE: 3000.0
2025-04-13T22:19:51.645+08:00  INFO 32572 --- [           main] c.a.n.p.a.s.c.ClientAuthPluginManager    : [ClientAuthPluginManager] Load ClientAuthService com.alibaba.nacos.client.auth.impl.NacosClientAuthServiceImpl success.
2025-04-13T22:19:51.645+08:00  INFO 32572 --- [           main] c.a.n.p.a.s.c.ClientAuthPluginManager    : [ClientAuthPluginManager] Load ClientAuthService com.alibaba.nacos.client.auth.ram.RamClientAuthServiceImpl success.
2025-04-13T22:19:51.649+08:00  INFO 32572 --- [           main] c.a.n.c.a.r.identify.CredentialWatcher   : null No credential found
2025-04-13T22:19:51.978+08:00  WARN 32572 --- [           main] c.a.nacos.client.logging.NacosLogging    : Load Logback Configuration of Nacos fail, message: Could not initialize Logback Nacos logging from classpath:nacos-logback.xml

  .   ____          _            __ _ _
 /\\ / ___'_ __ _ _(_)_ __  __ _ \ \ \ \
( ( )\___ | '_ | '_| | '_ \/ _` | \ \ \ \
 \\/  ___)| |_)| | | | | || (_| |  ) ) ) )
  '  |____| .__|_| |_|_| |_\__, | / / / /
 =========|_|==============|___/=/_/_/_/
 :: Spring Boot ::                (v3.0.2)

2025-04-13T22:19:51.993+08:00  INFO 32572 --- [           main] c.a.n.c.c.impl.LocalConfigInfoProcessor  : LOCAL_SNAPSHOT_PATH:C:\Users\58214\nacos\config
2025-04-13T22:19:51.997+08:00  INFO 32572 --- [           main] com.alibaba.nacos.common.remote.client   : [RpcClientFactory] create a new rpc client of 81059bb5-c0bb-4559-aee8-c01125d39894_config-0
2025-04-13T22:19:52.030+08:00  INFO 32572 --- [           main] com.alibaba.nacos.common.remote.client   : [81059bb5-c0bb-4559-aee8-c01125d39894_config-0] Register server push request handler:com.alibaba.nacos.client.config.impl.ClientWorker$ConfigRpcTransportClient$$Lambda$893/0x0000000800fec398
2025-04-13T22:19:52.035+08:00  INFO 32572 --- [           main] com.alibaba.nacos.common.remote.client   : [81059bb5-c0bb-4559-aee8-c01125d39894_config-0] Register server push request handler:com.alibaba.nacos.client.config.impl.ClientWorker$ConfigRpcTransportClient$$Lambda$894/0x0000000800fec7b8
2025-04-13T22:19:52.036+08:00  INFO 32572 --- [           main] com.alibaba.nacos.common.remote.client   : [81059bb5-c0bb-4559-aee8-c01125d39894_config-0] Registry connection listener to current client:com.alibaba.nacos.client.config.impl.ClientWorker$ConfigRpcTransportClient$1
2025-04-13T22:19:52.037+08:00  INFO 32572 --- [           main] com.alibaba.nacos.common.remote.client   : [81059bb5-c0bb-4559-aee8-c01125d39894_config-0] RpcClient init, ServerListFactory = com.alibaba.nacos.client.config.impl.ClientWorker$ConfigRpcTransportClient$2
2025-04-13T22:19:52.047+08:00  INFO 32572 --- [           main] com.alibaba.nacos.common.remote.client   : [81059bb5-c0bb-4559-aee8-c01125d39894_config-0] Try to connect to server on start up, server: {serverIp = '127.0.0.1', server main port = 8848}
2025-04-13T22:19:52.083+08:00  INFO 32572 --- [           main] c.a.n.c.remote.client.grpc.GrpcClient    : grpc client connection server:127.0.0.1 ip,serverPort:9848,grpcTslConfig:{"sslProvider":"OPENSSL","enableTls":false,"mutualAuthEnable":false,"trustAll":false}
2025-04-13T22:19:52.951+08:00  INFO 32572 --- [           main] com.alibaba.nacos.common.remote.client   : [81059bb5-c0bb-4559-aee8-c01125d39894_config-0] Success to connect to server [127.0.0.1:8848] on start up, connectionId = 1744553992757_127.0.0.1_60210
2025-04-13T22:19:52.951+08:00  INFO 32572 --- [t.remote.worker] com.alibaba.nacos.common.remote.client   : [81059bb5-c0bb-4559-aee8-c01125d39894_config-0] Notify connected event to listeners.
2025-04-13T22:19:52.951+08:00  INFO 32572 --- [           main] com.alibaba.nacos.common.remote.client   : [81059bb5-c0bb-4559-aee8-c01125d39894_config-0] Register server push request handler:com.alibaba.nacos.common.remote.client.RpcClient$ConnectResetRequestHandler
2025-04-13T22:19:52.951+08:00  INFO 32572 --- [t.remote.worker] c.a.n.client.config.impl.ClientWorker    : [81059bb5-c0bb-4559-aee8-c01125d39894_config-0] Connected,notify listen context...
2025-04-13T22:19:52.952+08:00  INFO 32572 --- [           main] com.alibaba.nacos.common.remote.client   : [81059bb5-c0bb-4559-aee8-c01125d39894_config-0] Register server push request handler:com.alibaba.nacos.common.remote.client.RpcClient$$Lambda$910/0x00000008011322d8
2025-04-13T22:19:53.000+08:00  INFO 32572 --- [           main] c.a.nacos.client.config.impl.Limiter     : limitTime:5.0
2025-04-13T22:19:53.018+08:00  INFO 32572 --- [           main] c.a.nacos.client.config.utils.JvmUtil    : isMultiInstance:false
2025-04-13T22:19:53.033+08:00  WARN 32572 --- [           main] c.a.c.n.c.NacosPropertySourceBuilder     : Ignore the empty nacos configuration and get it based on dataId[xiaohashu-auth.yaml] & group[DEFAULT_GROUP]
2025-04-13T22:19:53.043+08:00  INFO 32572 --- [           main] b.c.PropertySourceBootstrapConfiguration : Located property source: [BootstrapPropertySource {name='bootstrapProperties-xiaohashu-auth-dev.yaml,DEFAULT_GROUP'}, BootstrapPropertySource {name='bootstrapProperties-xiaohashu-auth.yaml,DEFAULT_GROUP'}, BootstrapPropertySource {name='bootstrapProperties-xiaohashu-auth,DEFAULT_GROUP'}]
2025-04-13T22:19:53.083+08:00  WARN 32572 --- [           main] c.a.nacos.client.logging.NacosLogging    : Load Logback Configuration of Nacos fail, message: Could not initialize Logback Nacos logging from classpath:nacos-logback.xml
2025-04-13T22:19:53.084+08:00  INFO 32572 --- [           main] c.quanxiaoha.xiaohashu.auth.DruidTests   : The following 1 profile is active: "dev"
2025-04-13T22:19:53.782+08:00  INFO 32572 --- [           main] .s.d.r.c.RepositoryConfigurationDelegate : Multiple Spring Data modules found, entering strict repository configuration mode
2025-04-13T22:19:53.785+08:00  INFO 32572 --- [           main] .s.d.r.c.RepositoryConfigurationDelegate : Bootstrapping Spring Data Redis repositories in DEFAULT mode.
2025-04-13T22:19:53.813+08:00  INFO 32572 --- [           main] .s.d.r.c.RepositoryConfigurationDelegate : Finished Spring Data repository scanning in 11 ms. Found 0 Redis repository interfaces.
2025-04-13T22:19:54.100+08:00  INFO 32572 --- [           main] o.s.cloud.context.scope.GenericScope     : BeanFactory id=fb5225c3-91ba-3234-b5f6-660e266e33cc
2025-04-13T22:19:54.464+08:00  INFO 32572 --- [           main] c.a.d.s.b.a.DruidDataSourceAutoConfigure : Init DruidDataSource
2025-04-13T22:19:54.961+08:00  INFO 32572 --- [           main] com.alibaba.druid.pool.DruidDataSource   : {dataSource-1} inited
____ ____    ___ ____ _  _ ____ _  _ 
[__  |__| __  |  |  | |_/  |___ |\ | 
___] |  |     |  |__| | \_ |___ | \| 
https://sa-token.cc (v1.38.0)
&amp#27;[32mSA [INFO] -->: 全局配置 SaTokenConfig [tokenName=Authorization, timeout=2592000, activeTimeout=-1, dynamicActiveTimeout=false, isConcurrent=true, isShare=true, maxLoginCount=12, maxTryTimes=12, isReadBody=true, isReadHeader=true, isReadCookie=true, isWriteHeader=false, tokenStyle=random-128, dataRefreshPeriod=30, tokenSessionCheckLogin=true, autoRenew=true, tokenPrefix=Bearer, isPrint=true, isLog=true, logLevel=trace, logLevelInt=1, isColorLog=true, jwtSecretKey=null, httpBasic=, httpDigest=, currDomain=null, sameTokenTimeout=86400, checkSameToken=false, cookie=SaCookieConfig [domain=null, path=null, secure=false, httpOnly=false, sameSite=null], sign=SaSignConfig [secretKey=null, timestampDisparity=900000]] &amp#27;[39m
&amp#27;[32mSA [INFO] -->: 全局组件 SaTokenDao 载入成功: cn.dev33.satoken.dao.SaTokenDaoRedisJackson&amp#27;[39m
&amp#27;[32mSA [INFO] -->: 全局组件 SaJsonTemplate 载入成功: cn.dev33.satoken.spring.json.SaJsonTemplateForJackson&amp#27;[39m
&amp#27;[32mSA [INFO] -->: 全局组件 SaTokenContext 载入成功: cn.dev33.satoken.spring.SaTokenContextForSpringInJakartaServlet&amp#27;[39m
2025-04-13T22:19:56.920+08:00  INFO 32572 --- [           main] c.quanxiaoha.xiaohashu.auth.DruidTests   : Started DruidTests in 6.476 seconds (process running for 8.3)
2025-04-13T22:19:56.922+08:00  INFO 32572 --- [           main] .q.x.a.r.PushRolePermissions2RedisRunner : ==> 服务启动，开始同步角色权限数据到 Redis 中...
2025-04-13T22:19:57.436+08:00  WARN 32572 --- [           main] .q.x.a.r.PushRolePermissions2RedisRunner : ==> 角色权限数据已经同步至 Redis 中，不再同步...
2025-04-13T22:19:57.439+08:00  INFO 32572 --- [           main] c.a.nacos.client.config.impl.CacheData   : nacos.cache.data.init.snapshot = true 
2025-04-13T22:19:57.440+08:00  INFO 32572 --- [           main] c.a.n.client.config.impl.ClientWorker    : [fixed-xiaohashu-127.0.0.1_8848] [subscribe] xiaohashu-auth.yaml+DEFAULT_GROUP+xiaohashu
2025-04-13T22:19:57.449+08:00  INFO 32572 --- [           main] c.a.nacos.client.config.impl.CacheData   : [fixed-xiaohashu-127.0.0.1_8848] [add-listener] ok, tenant=xiaohashu, dataId=xiaohashu-auth.yaml, group=DEFAULT_GROUP, cnt=1
2025-04-13T22:19:57.449+08:00  INFO 32572 --- [           main] c.a.c.n.refresh.NacosContextRefresher    : [Nacos Config] Listening config: dataId=xiaohashu-auth.yaml, group=DEFAULT_GROUP
2025-04-13T22:19:57.452+08:00  INFO 32572 --- [           main] c.a.n.client.config.impl.ClientWorker    : [fixed-xiaohashu-127.0.0.1_8848] [subscribe] xiaohashu-auth-dev.yaml+DEFAULT_GROUP+xiaohashu
2025-04-13T22:19:57.452+08:00  INFO 32572 --- [           main] c.a.nacos.client.config.impl.CacheData   : [fixed-xiaohashu-127.0.0.1_8848] [add-listener] ok, tenant=xiaohashu, dataId=xiaohashu-auth-dev.yaml, group=DEFAULT_GROUP, cnt=1
2025-04-13T22:19:57.452+08:00  INFO 32572 --- [           main] c.a.c.n.refresh.NacosContextRefresher    : [Nacos Config] Listening config: dataId=xiaohashu-auth-dev.yaml, group=DEFAULT_GROUP
2025-04-13T22:19:57.454+08:00  INFO 32572 --- [           main] c.a.n.client.config.impl.ClientWorker    : [fixed-xiaohashu-127.0.0.1_8848] [subscribe] xiaohashu-auth+DEFAULT_GROUP+xiaohashu
2025-04-13T22:19:57.455+08:00  INFO 32572 --- [           main] c.a.nacos.client.config.impl.CacheData   : [fixed-xiaohashu-127.0.0.1_8848] [add-listener] ok, tenant=xiaohashu, dataId=xiaohashu-auth, group=DEFAULT_GROUP, cnt=1
2025-04-13T22:19:57.455+08:00  INFO 32572 --- [           main] c.a.c.n.refresh.NacosContextRefresher    : [Nacos Config] Listening config: dataId=xiaohashu-auth, group=DEFAULT_GROUP
2025-04-13T22:19:58.048+08:00  INFO 32572 --- [           main] c.quanxiaoha.xiaohashu.auth.DruidTests   : privateKey: MIIBVAIBADANBgkqhkiG9w0BAQEFAASCAT4wggE6AgEAAkEAu8Ko0etWIAUKBLXPUuqb7cR1aa5c39SnrLAJnHSYMxDMg3no0fUPW7jzcmtEN+xyd+Ca/QUGNnUWDteT9Ojx8wIDAQABAkAWnPIiHhrITnMPcCohDVpsP234pWRQHNd459awfiZad+WPGczoHTLM7GlipRVqZzJAl+PlN4fwkYntyEPOdE0hAiEAzb/8fGJll0w3q4X5HOtUCIlvO6/pkQ8DwiyeqW96nQMCIQDpneuA78zecztolSa+MqkxeJLkmcRV2it7R8Qq8aBsUQIgZNoCbQXePjdB4nWdEivX2Qdk2qDzoAL4GKm+a9cVBvkCIQDcEU9P3pV218YW9qnQcZjAaXy2q8MvvJ1JPImmioc8gQIgFrkYuzoAxE7YIG7BLP3Zs6Ng4PVGWPvYUJr6Two4nOA=
2025-04-13T22:19:58.048+08:00  INFO 32572 --- [           main] c.quanxiaoha.xiaohashu.auth.DruidTests   : publicKey: MFwwDQYJKoZIhvcNAQEBBQADSwAwSAJBALvCqNHrViAFCgS1z1Lqm+3EdWmuXN/Up6ywCZx0mDMQzIN56NH1D1u483JrRDfscnfgmv0FBjZ1Fg7Xk/To8fMCAwEAAQ==
2025-04-13T22:19:58.051+08:00  INFO 32572 --- [           main] c.quanxiaoha.xiaohashu.auth.DruidTests   : password: EjpEFbvgnwv3wT1f+SmcH/GAQds6CvCvY+eEibSN4OygsaNbqeAq90npIkdYOWJZZ1idO9Ykc1eftc2BxUJ2hw==
]]></system-out>
  </testcase>
</testsuite>