<?xml version="1.0" encoding="UTF-8"?>
<testsuite xmlns:xsi="http://www.w3.org/2001/XMLSchema-instance" xsi:noNamespaceSchemaLocation="https://maven.apache.org/surefire/maven-surefire-plugin/xsd/surefire-test-report-3.0.xsd" version="3.0" name="com.quanxiaoha.xiaohashu.auth.XiaohashuAuthApplicationTests" time="0.575" tests="3" errors="0" skipped="0" failures="0">
  <properties>
[...]
</properties>
  <testcase name="testDelete" classname="com.quanxiaoha.xiaohashu.auth.XiaohashuAuthApplicationTests" time="0.31">
    <system-out><![CDATA[2025-04-02T12:48:21.980+08:00  INFO 25452 --- [           main] t.c.s.AnnotationConfigContextLoaderUtils : Could not detect default configuration classes for test class [com.quanxiaoha.xiaohashu.auth.XiaohashuAuthApplicationTests]: XiaohashuAuthApplicationTests does not declare any static, non-private, non-final, nested classes annotated with @Configuration.
2025-04-02T12:48:21.982+08:00  INFO 25452 --- [           main] .b.t.c.SpringBootTestContextBootstrapper : Found @SpringBootConfiguration com.quanxiaoha.xiaohashu.auth.XiaohashuAuthApplication for test class com.quanxiaoha.xiaohashu.auth.XiaohashuAuthApplicationTests
2025-04-02T12:48:22.046+08:00 DEBUG 25452 --- [           main] c.q.x.a.d.m.U.deleteByPrimaryKey         : ==>  Preparing: delete from t_user where id = ?
2025-04-02T12:48:22.294+08:00 DEBUG 25452 --- [           main] c.q.x.a.d.m.U.deleteByPrimaryKey         : ==> Parameters: 4(Long)
2025-04-02T12:48:22.300+08:00 DEBUG 25452 --- [           main] c.q.x.a.d.m.U.deleteByPrimaryKey         : <==    Updates: 0
]]></system-out>
  </testcase>
  <testcase name="testInsert" classname="com.quanxiaoha.xiaohashu.auth.XiaohashuAuthApplicationTests" time="0.138">
    <system-out><![CDATA[2025-04-02T12:48:22.306+08:00 DEBUG 25452 --- [           main] c.q.x.a.d.mapper.UserDOMapper.insert     : ==>  Preparing: insert into t_user (id, username, create_time, update_time) values (?, ?, ?, ?)
2025-04-02T12:48:22.430+08:00 DEBUG 25452 --- [           main] c.q.x.a.d.mapper.UserDOMapper.insert     : ==> Parameters: null, 犬小哈(String), 2025-04-02T12:48:22.306482(LocalDateTime), 2025-04-02T12:48:22.306482(LocalDateTime)
2025-04-02T12:48:22.438+08:00 DEBUG 25452 --- [           main] c.q.x.a.d.mapper.UserDOMapper.insert     : <==    Updates: 1
]]></system-out>
  </testcase>
  <testcase name="testSelect" classname="com.quanxiaoha.xiaohashu.auth.XiaohashuAuthApplicationTests" time="0.104">
    <system-out><![CDATA[2025-04-02T12:48:22.453+08:00 DEBUG 25452 --- [           main] c.q.x.a.d.m.U.selectByPrimaryKey         : ==>  Preparing: select id, username, create_time, update_time from t_user where id = ?
2025-04-02T12:48:22.466+08:00 DEBUG 25452 --- [           main] c.q.x.a.d.m.U.selectByPrimaryKey         : ==> Parameters: 4(Long)
2025-04-02T12:48:22.502+08:00 DEBUG 25452 --- [           main] c.q.x.a.d.m.U.selectByPrimaryKey         : <==      Total: 1
2025-04-02T12:48:22.547+08:00  INFO 25452 --- [           main] c.q.x.a.XiaohashuAuthApplicationTests    : User: {"id":4,"username":"犬小哈","createTime":"2025-04-02 12:48:22","updateTime":"2025-04-02 12:48:22"}
]]></system-out>
  </testcase>
</testsuite>