<?xml version="1.0" encoding="UTF-8"?>
<testsuite xmlns:xsi="http://www.w3.org/2001/XMLSchema-instance" xsi:noNamespaceSchemaLocation="https://maven.apache.org/surefire/maven-surefire-plugin/xsd/surefire-test-report-3.0.xsd" version="3.0" name="com.quanxiaoha.xiaohashu.auth.ThreadPoolTaskExecutorTests" time="0.02" tests="1" errors="0" skipped="0" failures="0">
  <properties>
[...]
</properties>
  <testcase name="testSubmit" classname="com.quanxiaoha.xiaohashu.auth.ThreadPoolTaskExecutorTests" time="0.008">
    <system-out><![CDATA[2025-04-13T22:19:58.110+08:00  INFO 32572 --- [           main] t.c.s.AnnotationConfigContextLoaderUtils : Could not detect default configuration classes for test class [com.quanxiaoha.xiaohashu.auth.ThreadPoolTaskExecutorTests]: ThreadPoolTaskExecutorTests does not declare any static, non-private, non-final, nested classes annotated with @Configuration.
2025-04-13T22:19:58.113+08:00  INFO 32572 --- [           main] .b.t.c.SpringBootTestContextBootstrapper : Found @SpringBootConfiguration com.quanxiaoha.xiaohashu.auth.XiaohashuAuthApplication for test class com.quanxiaoha.xiaohashu.auth.ThreadPoolTaskExecutorTests
2025-04-13T22:19:58.123+08:00  INFO 32572 --- [ AuthExecutor-1] c.q.x.auth.ThreadPoolTaskExecutorTests   : 异步线程中说: 犬小哈专栏
]]></system-out>
  </testcase>
</testsuite>